<?xml version="1.0" encoding="UTF-8"?>
<testng-results ignored="0" total="1" passed="1" failed="0" skipped="0">
  <reporter-output>
    <line>
      <![CDATA[Invoke browser]]>
    </line>
    <line>
      <![CDATA[verify username]]>
    </line>
    <line>
      <![CDATA[verify password]]>
    </line>
    <line>
      <![CDATA[verify login button]]>
    </line>
  </reporter-output>
  <suite started-at="2021-05-24T21:21:12 IST" name="Suite" finished-at="2021-05-24T21:21:28 IST" duration-ms="16007">
    <groups>
    </groups>
    <test started-at="2021-05-24T21:21:12 IST" name="Test" finished-at="2021-05-24T21:21:28 IST" duration-ms="16007">
      <class name="com.app.TestCases.LoginTestCase">
        <test-method is-config="true" signature="launchBrowser()[pri:0, instance:com.app.TestCases.LoginTestCase@7e5afaa6]" started-at="2021-05-24T21:21:12 IST" name="launchBrowser" finished-at="2021-05-24T21:21:20 IST" duration-ms="8122" status="PASS">
          <reporter-output>
            <line>
              <![CDATA[Invoke browser]]>
            </line>
          </reporter-output>
        </test-method> <!-- launchBrowser -->
        <test-method signature="verifymaventest()[pri:0, instance:com.app.TestCases.LoginTestCase@7e5afaa6]" started-at="2021-05-24T21:21:20 IST" name="verifymaventest" finished-at="2021-05-24T21:21:23 IST" duration-ms="2492" status="PASS">
          <reporter-output>
            <line>
              <![CDATA[verify username]]>
            </line>
            <line>
              <![CDATA[verify password]]>
            </line>
            <line>
              <![CDATA[verify login button]]>
            </line>
          </reporter-output>
        </test-method> <!-- verifymaventest -->
        <test-method is-config="true" signature="getscreen(org.testng.ITestResult)[pri:0, instance:com.app.TestCases.LoginTestCase@7e5afaa6]" started-at="2021-05-24T21:21:23 IST" name="getscreen" finished-at="2021-05-24T21:21:23 IST" duration-ms="3" status="PASS">
          <params>
            <param index="0">
              <value>
                <![CDATA[[TestResult name=verifymaventest status=SUCCESS method=LoginTestCase.verifymaventest()[pri:0, instance:com.app.TestCases.LoginTestCase@7e5afaa6] output=verify username]]]>
              </value>
            </param>
          </params>
          <reporter-output>
          </reporter-output>
        </test-method> <!-- getscreen -->
        <test-method is-config="true" signature="quitbrowser()[pri:0, instance:com.app.TestCases.LoginTestCase@7e5afaa6]" started-at="2021-05-24T21:21:23 IST" name="quitbrowser" finished-at="2021-05-24T21:21:28 IST" duration-ms="5305" status="PASS">
          <reporter-output>
          </reporter-output>
        </test-method> <!-- quitbrowser -->
      </class> <!-- com.app.TestCases.LoginTestCase -->
    </test> <!-- Test -->
  </suite> <!-- Suite -->
</testng-results>
